<?xml version="1.0" encoding="UTF-8"?>
<testsuite xmlns:xsi="http://www.w3.org/2001/XMLSchema-instance" xsi:noNamespaceSchemaLocation="https://maven.apache.org/surefire/maven-surefire-plugin/xsd/surefire-test-report-3.0.xsd" version="3.0" name="com.blckroot.model.CommandTest" time="0.109" tests="48" errors="0" skipped="0" failures="0">
  <properties>
    <property name="java.specification.version" value="17"/>
    <property name="sun.cpu.isalist" value="amd64"/>
    <property name="sun.jnu.encoding" value="Cp1252"/>
    <property name="java.class.path" value="C:\Users\jsx14\Projects\blckforge\java\models\command\target\test-classes;C:\Users\jsx14\Projects\blckforge\java\models\command\target\classes;C:\Users\jsx14\.m2\repository\org\junit\jupiter\junit-jupiter\5.10.0\junit-jupiter-5.10.0.jar;C:\Users\jsx14\.m2\repository\org\junit\jupiter\junit-jupiter-api\5.10.0\junit-jupiter-api-5.10.0.jar;C:\Users\jsx14\.m2\repository\org\opentest4j\opentest4j\1.3.0\opentest4j-1.3.0.jar;C:\Users\jsx14\.m2\repository\org\junit\platform\junit-platform-commons\1.10.0\junit-platform-commons-1.10.0.jar;C:\Users\jsx14\.m2\repository\org\apiguardian\apiguardian-api\1.1.2\apiguardian-api-1.1.2.jar;C:\Users\jsx14\.m2\repository\org\junit\jupiter\junit-jupiter-params\5.10.0\junit-jupiter-params-5.10.0.jar;C:\Users\jsx14\.m2\repository\org\junit\jupiter\junit-jupiter-engine\5.10.0\junit-jupiter-engine-5.10.0.jar;C:\Users\jsx14\.m2\repository\org\junit\platform\junit-platform-engine\1.10.0\junit-platform-engine-1.10.0.jar;C:\Users\jsx14\.m2\repository\com\blckroot\forge\blckroot-string-forge\1.0.0\blckroot-string-forge-1.0.0.jar;"/>
    <property name="java.vm.vendor" value="Oracle Corporation"/>
    <property name="sun.arch.data.model" value="64"/>
    <property name="user.variant" value=""/>
    <property name="java.vendor.url" value="https://java.oracle.com/"/>
    <property name="user.timezone" value="America/New_York"/>
    <property name="os.name" value="Windows 11"/>
    <property name="java.vm.specification.version" value="17"/>
    <property name="sun.java.launcher" value="SUN_STANDARD"/>
    <property name="user.country" value="US"/>
    <property name="sun.boot.library.path" value="C:\Program Files\Java\graalvm-jdk-17.0.7+8.1\bin"/>
    <property name="sun.java.command" value="C:\Users\jsx14\AppData\Local\Temp\surefire13155592593303630539\surefirebooter-20231021102718850_3.jar C:\Users\jsx14\AppData\Local\Temp\surefire13155592593303630539 2023-10-21T10-27-18_692-jvmRun1 surefire-20231021102718850_1tmp surefire_0-20231021102718850_2tmp"/>
    <property name="jdk.debug" value="release"/>
    <property name="surefire.test.class.path" value="C:\Users\jsx14\Projects\blckforge\java\models\command\target\test-classes;C:\Users\jsx14\Projects\blckforge\java\models\command\target\classes;C:\Users\jsx14\.m2\repository\org\junit\jupiter\junit-jupiter\5.10.0\junit-jupiter-5.10.0.jar;C:\Users\jsx14\.m2\repository\org\junit\jupiter\junit-jupiter-api\5.10.0\junit-jupiter-api-5.10.0.jar;C:\Users\jsx14\.m2\repository\org\opentest4j\opentest4j\1.3.0\opentest4j-1.3.0.jar;C:\Users\jsx14\.m2\repository\org\junit\platform\junit-platform-commons\1.10.0\junit-platform-commons-1.10.0.jar;C:\Users\jsx14\.m2\repository\org\apiguardian\apiguardian-api\1.1.2\apiguardian-api-1.1.2.jar;C:\Users\jsx14\.m2\repository\org\junit\jupiter\junit-jupiter-params\5.10.0\junit-jupiter-params-5.10.0.jar;C:\Users\jsx14\.m2\repository\org\junit\jupiter\junit-jupiter-engine\5.10.0\junit-jupiter-engine-5.10.0.jar;C:\Users\jsx14\.m2\repository\org\junit\platform\junit-platform-engine\1.10.0\junit-platform-engine-1.10.0.jar;C:\Users\jsx14\.m2\repository\com\blckroot\forge\blckroot-string-forge\1.0.0\blckroot-string-forge-1.0.0.jar;"/>
    <property name="sun.cpu.endian" value="little"/>
    <property name="user.home" value="C:\Users\jsx14"/>
    <property name="user.language" value="en"/>
    <property name="java.specification.vendor" value="Oracle Corporation"/>
    <property name="java.version.date" value="2023-04-18"/>
    <property name="java.home" value="C:\Program Files\Java\graalvm-jdk-17.0.7+8.1"/>
    <property name="file.separator" value="\"/>
    <property name="basedir" value="C:\Users\jsx14\Projects\blckforge\java\models\command"/>
    <property name="java.vm.compressedOopsMode" value="Zero based"/>
    <property name="jdk.internal.vm.ci.enabled" value="true"/>
    <property name="line.separator" value="&#10;"/>
    <property name="java.vm.specification.vendor" value="Oracle Corporation"/>
    <property name="java.specification.name" value="Java Platform API Specification"/>
    <property name="surefire.real.class.path" value="C:\Users\jsx14\AppData\Local\Temp\surefire13155592593303630539\surefirebooter-20231021102718850_3.jar"/>
    <property name="user.script" value=""/>
    <property name="sun.management.compiler" value="HotSpot 64-Bit Tiered Compilers"/>
    <property name="java.runtime.version" value="17.0.7+8-LTS-jvmci-23.0-b12"/>
    <property name="user.name" value="jsx14"/>
    <property name="path.separator" value=";"/>
    <property name="os.version" value="10.0"/>
    <property name="java.runtime.name" value="Java(TM) SE Runtime Environment"/>
    <property name="file.encoding" value="Cp1252"/>
    <property name="java.vm.name" value="Java HotSpot(TM) 64-Bit Server VM"/>
    <property name="java.vendor.version" value="Oracle GraalVM 17.0.7+8.1"/>
    <property name="localRepository" value="C:\Users\jsx14\.m2\repository"/>
    <property name="java.vendor.url.bug" value="https://bugreport.java.com/bugreport/"/>
    <property name="java.io.tmpdir" value="C:\Users\jsx14\AppData\Local\Temp\"/>
    <property name="java.version" value="17.0.7"/>
    <property name="user.dir" value="C:\Users\jsx14\Projects\blckforge\java\models\command"/>
    <property name="os.arch" value="amd64"/>
    <property name="java.vm.specification.name" value="Java Virtual Machine Specification"/>
    <property name="sun.os.patch.level" value=""/>
    <property name="native.encoding" value="Cp1252"/>
    <property name="java.library.path" value="C:\Program Files\Java\graalvm-jdk-17.0.7+8.1\bin;C:\Windows\Sun\Java\bin;C:\Windows\system32;C:\Windows;C:\Program Files\Git\mingw64\bin;C:\Program Files\Git\usr\bin;C:\Users\jsx14\bin;C:\Windows\system32;C:\Windows;C:\Windows\System32\Wbem;C:\Windows\System32\WindowsPowerShell\v1.0;C:\Windows\System32\OpenSSH;C:\Program Files (x86)\NVIDIA Corporation\PhysX\Common;C:\Program Files\Git\cmd;C:\Program Files\nodejs;C:\Program Files\dotnet;C:\Program Files\Java\graalvm-jdk-17.0.7+8.1\bin;C:\Program Files\Maven\apache-maven-3.9.3\bin;C:\Users\jsx14\AppData\Local\Programs\Python\Python311\Scripts;C:\Users\jsx14\AppData\Local\Programs\Python\Python311;C:\Users\jsx14\AppData\Local\Microsoft\WindowsApps;C:\Users\jsx14\AppData\Roaming\npm;C:\Program Files\JetBrains\IntelliJ IDEA Community Edition 2023.1.3\bin;C:\Program Files\JetBrains\PyCharm Community Edition 2023.1.3\bin;C:\Users\jsx14\AppData\Local\Programs\Microsoft VS Code\bin;."/>
    <property name="java.vm.info" value="mixed mode, sharing"/>
    <property name="java.vendor" value="Oracle Corporation"/>
    <property name="java.vm.version" value="17.0.7+8-LTS-jvmci-23.0-b12"/>
    <property name="sun.io.unicode.encoding" value="UnicodeLittle"/>
    <property name="java.class.version" value="61.0"/>
  </properties>
  <testcase name="COMMAND__set_commandName" classname="com.blckroot.model.CommandTest" time="0.033"/>
  <testcase name="COMMAND__set_synopsis" classname="com.blckroot.model.CommandTest" time="0.001"/>
  <testcase name="COMMAND__set_commandName__null" classname="com.blckroot.model.CommandTest" time="0.001"/>
  <testcase name="COMMAND__set_option__longName" classname="com.blckroot.model.CommandTest" time="0.003"/>
  <testcase name="COMMAND__set_version" classname="com.blckroot.model.CommandTest" time="0.001"/>
  <testcase name="COMMAND__set_option__value__string" classname="com.blckroot.model.CommandTest" time="0.0"/>
  <testcase name="COMMAND__set_description__null" classname="com.blckroot.model.CommandTest" time="0.001"/>
  <testcase name="COMMAND__set_commandParentName" classname="com.blckroot.model.CommandTest" time="0.001"/>
  <testcase name="COMMAND__set_positional_parameter__value__boolean" classname="com.blckroot.model.CommandTest" time="0.001"/>
  <testcase name="COMMAND__set_positional_parameter__synopsis" classname="com.blckroot.model.CommandTest" time="0.001"/>
  <testcase name="COMMAND__set_positional_parameter__label" classname="com.blckroot.model.CommandTest" time="0.001"/>
  <testcase name="COMMAND__set_option__value__string__no_shortName" classname="com.blckroot.model.CommandTest" time="0.0"/>
  <testcase name="COMMAND__set_subcommand__null" classname="com.blckroot.model.CommandTest" time="0.001"/>
  <testcase name="COMMAND__set_synopsis__blank" classname="com.blckroot.model.CommandTest" time="0.0"/>
  <testcase name="COMMAND__set_synopsis__empty" classname="com.blckroot.model.CommandTest" time="0.0"/>
  <testcase name="COMMAND__set_option__parameterLabel" classname="com.blckroot.model.CommandTest" time="0.001"/>
  <testcase name="COMMAND__set_option__parameterLabel__no_shortName" classname="com.blckroot.model.CommandTest" time="0.001"/>
  <testcase name="COMMAND__set_option__synopsis__no_shortName" classname="com.blckroot.model.CommandTest" time="0.0"/>
  <testcase name="COMMAND__set_synopsis__null" classname="com.blckroot.model.CommandTest" time="0.0"/>
  <testcase name="COMMAND__set_description__blank" classname="com.blckroot.model.CommandTest" time="0.0"/>
  <testcase name="COMMAND__set_description__empty" classname="com.blckroot.model.CommandTest" time="0.0"/>
  <testcase name="COMMAND__set_subcommand__commandName" classname="com.blckroot.model.CommandTest" time="0.0"/>
  <testcase name="COMMAND__set_commandParentName__blank" classname="com.blckroot.model.CommandTest" time="0.0"/>
  <testcase name="COMMAND__set_commandParentName__empty" classname="com.blckroot.model.CommandTest" time="0.0"/>
  <testcase name="COMMAND__set_option__value__boolean__no_shortName" classname="com.blckroot.model.CommandTest" time="0.001"/>
  <testcase name="COMMAND__set_positional_parameter__value__string" classname="com.blckroot.model.CommandTest" time="0.001"/>
  <testcase name="COMMAND__set_subcommand__parentCommandName" classname="com.blckroot.model.CommandTest" time="0.001"/>
  <testcase name="COMMAND__set_arguments" classname="com.blckroot.model.CommandTest" time="0.001"/>
  <testcase name="COMMAND__set_option__longName__no_shortName" classname="com.blckroot.model.CommandTest" time="0.0"/>
  <testcase name="COMMAND__set_positional_parameter__null" classname="com.blckroot.model.CommandTest" time="0.0"/>
  <testcase name="COMMAND__call" classname="com.blckroot.model.CommandTest" time="0.001"/>
  <testcase name="COMMAND__set_option__shortName" classname="com.blckroot.model.CommandTest" time="0.001"/>
  <testcase name="COMMAND__set_version__blank" classname="com.blckroot.model.CommandTest" time="0.0"/>
  <testcase name="COMMAND__set_version__empty" classname="com.blckroot.model.CommandTest" time="0.0"/>
  <testcase name="COMMAND__set_commandName__blank" classname="com.blckroot.model.CommandTest" time="0.0"/>
  <testcase name="COMMAND__set_commandName__empty" classname="com.blckroot.model.CommandTest" time="0.0"/>
  <testcase name="COMMAND__set_version__null" classname="com.blckroot.model.CommandTest" time="0.0"/>
  <testcase name="COMMAND__set_executesWithoutArguments__false" classname="com.blckroot.model.CommandTest" time="0.001"/>
  <testcase name="COMMAND__set_arguments__blank" classname="com.blckroot.model.CommandTest" time="0.0"/>
  <testcase name="COMMAND__set_arguments__empty" classname="com.blckroot.model.CommandTest" time="0.001"/>
  <testcase name="COMMAND__set_option__value__boolean" classname="com.blckroot.model.CommandTest" time="0.001"/>
  <testcase name="COMMAND__set_arguments__null" classname="com.blckroot.model.CommandTest" time="0.0"/>
  <testcase name="COMMAND__set_commandParentName__null" classname="com.blckroot.model.CommandTest" time="0.0"/>
  <testcase name="COMMAND__set_executesWithoutArguments__null" classname="com.blckroot.model.CommandTest" time="0.0"/>
  <testcase name="COMMAND__set_executesWithoutArguments__true" classname="com.blckroot.model.CommandTest" time="0.001"/>
  <testcase name="COMMAND__set_description" classname="com.blckroot.model.CommandTest" time="0.001"/>
  <testcase name="COMMAND__set_option__null" classname="com.blckroot.model.CommandTest" time="0.001"/>
  <testcase name="COMMAND__set_option__synopsis" classname="com.blckroot.model.CommandTest" time="0.001"/>
</testsuite>